{
  "stats": {
    "suites": 2,
    "tests": 4,
    "passes": 3,
    "pending": 0,
    "failures": 1,
    "start": "2022-03-27T20:19:19.184Z",
    "end": "2022-03-27T20:20:14.284Z",
    "duration": 45559,
    "testsRegistered": 4,
    "passPercent": 75,
    "pendingPercent": 0,
    "other": 0,
    "hasOther": false,
    "skipped": 0,
    "hasSkipped": false
  },
  "results": [
    {
      "uuid": "5d1ead3d-9b01-4f46-9dff-c1f5865c474e",
      "title": "",
      "fullFile": "cypress/integration/snappet_challenge.js",
      "file": "cypress/integration/snappet_challenge.js",
      "beforeHooks": [],
      "afterHooks": [],
      "tests": [],
      "suites": [
        {
          "uuid": "708d936a-a9e2-4947-b744-45c263baf66f",
          "title": "Snappet",
          "fullFile": "",
          "file": "",
          "beforeHooks": [],
          "afterHooks": [],
          "tests": [
            {
              "title": "Create Project on Teacher Dashboard",
              "fullTitle": "Snappet Create Project on Teacher Dashboard",
              "timedOut": null,
              "duration": 20265,
              "state": "passed",
              "speed": "slow",
              "pass": true,
              "fail": false,
              "pending": false,
              "context": null,
              "code": "cy.log('Open drop down');\ncy.get('subject-dropdown[data-test-id=\"subject-group-dropdown\"]').click();\ncy.log('Trigger Create subject');\ncy.get('add-subject-button').click();\ncy.log('Start subject creation');\ncy.get('.inner.modal', {\n  timeout: 10000\n}).wait(1000).contains('Which subject do you want to activate?');\ncy.get('a.btn.btn-primary', {\n  timeout: 10000\n}).contains('Next').click();\ncy.get('a.btn.btn-primary', {\n  timeout: 10000\n}).contains('Next').click();\ncy.log('Select First suggestion');\ncy.get(':nth-child(1) > .card', {\n  timeout: 10000\n}).click();\ncy.log('Set subject name');\ncy.get('input').clear().type('Testing Subject').should('have.value', 'Testing Subject');\ncy.log('Activate subject');\ncy.get('button.btn.btn-primary', {\n  timeout: 10000\n}).contains('Activate subject').click();\ncy.log('Verify that subject was created');\ncy.contains('.panel-card.alternate', 'Testing Subject', {\n  timeout: 10000\n});",
              "err": {},
              "uuid": "8265c74b-959c-4373-b3f7-8cc9c18b1da7",
              "parentUUID": "708d936a-a9e2-4947-b744-45c263baf66f",
              "isHook": false,
              "skipped": false
            },
            {
              "title": "Edit Project on Teacher Dashboard",
              "fullTitle": "Snappet Edit Project on Teacher Dashboard",
              "timedOut": null,
              "duration": 13497,
              "state": "passed",
              "speed": "slow",
              "pass": true,
              "fail": false,
              "pending": false,
              "context": null,
              "code": "cy.log('Open drop down');\ncy.get('subject-dropdown[data-test-id=\"subject-group-dropdown\"]').click();\ncy.log('Trigger Edit subject');\ncy.contains('a[data-test-id=\"subject-group-option\"]', 'Testing Subject', {\n  timeout: 10000\n}).find('.manage-icon').click();\ncy.log('Verify that Edit form is opened');\ncy.get('input', {\n  timeout: 10000\n}).clear().type('Renamed Subject').should('have.value', 'Renamed Subject');\ncy.get('select').select('Groep 3', {\n  force: true\n});\ncy.log('Save changes');\ncy.contains('button.btn.btn-primary', 'Save', {\n  timeout: 10000\n}).click();\ncy.contains('Subject changes have been saved', {\n  timeout: 10000\n});\ncy.contains('.panel-card.alternate', 'Renamed Subject', {\n  timeout: 10000\n});",
              "err": {},
              "uuid": "16fb4db8-655c-4ebe-82ab-449e778c2cf3",
              "parentUUID": "708d936a-a9e2-4947-b744-45c263baf66f",
              "isHook": false,
              "skipped": false
            },
            {
              "title": "Delete Project on Teacher Dashboard",
              "fullTitle": "Snappet Delete Project on Teacher Dashboard",
              "timedOut": null,
              "duration": 11570,
              "state": "passed",
              "speed": "slow",
              "pass": true,
              "fail": false,
              "pending": false,
              "context": null,
              "code": "cy.log('Open drop down');\ncy.get('subject-dropdown[data-test-id=\"subject-group-dropdown\"]').click();\ncy.log('Trigger Edit subject');\ncy.contains('a[data-test-id=\"subject-group-option\"]', 'Renamed Subject', {\n  timeout: 10000\n}).find('.manage-icon').click();\ncy.log('Delete changes');\ncy.get('button.btn.btn-txt.btn-txt-delete').click();\ncy.contains('button.btn.btn-primary', 'Remove', {\n  timeout: 10000\n}).click();\ncy.contains('The subject has been deactivated.', {\n  timeout: 10000\n});\ncy.contains('.panel-card.alternate', 'Renamed Subject', {\n  timeout: 10000\n}).should('not.exist');",
              "err": {},
              "uuid": "8c1fbeaf-0de6-42d1-95d6-0cfefc46bdc1",
              "parentUUID": "708d936a-a9e2-4947-b744-45c263baf66f",
              "isHook": false,
              "skipped": false
            }
          ],
          "suites": [],
          "passes": [
            "8265c74b-959c-4373-b3f7-8cc9c18b1da7",
            "16fb4db8-655c-4ebe-82ab-449e778c2cf3",
            "8c1fbeaf-0de6-42d1-95d6-0cfefc46bdc1"
          ],
          "failures": [],
          "pending": [],
          "skipped": [],
          "duration": 45332,
          "root": false,
          "rootEmpty": false,
          "_timeout": 2000
        }
      ],
      "passes": [],
      "failures": [],
      "pending": [],
      "skipped": [],
      "duration": 0,
      "root": true,
      "rootEmpty": true,
      "_timeout": 2000
    },
    {
      "uuid": "5d889673-a3b9-45a1-908c-a68cd6c6a89d",
      "title": "",
      "fullFile": "cypress/integration/failed_challenge.js",
      "file": "cypress/integration/failed_challenge.js",
      "beforeHooks": [],
      "afterHooks": [],
      "tests": [],
      "suites": [
        {
          "uuid": "b69cf350-20fe-40d0-8aa8-fae99a9530c3",
          "title": "Failed test",
          "fullFile": "",
          "file": "",
          "beforeHooks": [],
          "afterHooks": [],
          "tests": [
            {
              "title": "Failed test 1",
              "fullTitle": "Failed test Failed test 1",
              "timedOut": null,
              "duration": 227,
              "state": "failed",
              "speed": null,
              "pass": false,
              "fail": true,
              "pending": false,
              "context": null,
              "code": "expect(true).to.equal(false);",
              "err": {
                "message": "AssertionError: expected true to equal false",
                "estack": "AssertionError: expected true to equal false\n    at Context.eval (http://localhost:52420/__cypress/tests?p=cypress\\integration\\failed_challenge.js:101:21)",
                "diff": null
              },
              "uuid": "f88ef110-e3e3-4f9b-8bc7-75bc61684856",
              "parentUUID": "b69cf350-20fe-40d0-8aa8-fae99a9530c3",
              "isHook": false,
              "skipped": false
            }
          ],
          "suites": [],
          "passes": [],
          "failures": [
            "f88ef110-e3e3-4f9b-8bc7-75bc61684856"
          ],
          "pending": [],
          "skipped": [],
          "duration": 227,
          "root": false,
          "rootEmpty": false,
          "_timeout": 2000
        }
      ],
      "passes": [],
      "failures": [],
      "pending": [],
      "skipped": [],
      "duration": 0,
      "root": true,
      "rootEmpty": true,
      "_timeout": 2000
    }
  ],
  "meta": {
    "mocha": {
      "version": "7.0.1"
    },
    "mochawesome": {
      "options": {
        "quiet": false,
        "reportFilename": "mochawesome",
        "saveHtml": false,
        "saveJson": true,
        "consoleReporter": "spec",
        "useInlineDiffs": false,
        "code": true
      },
      "version": "7.1.3"
    },
    "marge": {
      "options": {
        "reportDir": "cypress/results",
        "overwrite": false,
        "html": false,
        "json": true
      },
      "version": "6.2.0"
    }
  }
}